# JRE version: OpenJDK Runtime Environment (8.0_112-b06) (build 1.8.0_112-release-b06)
# Java VM: OpenJDK 64-Bit Server VM (25.112-b06 mixed mode linux-amd64 compressed oops)
Heap:
 PSYoungGen      total 245760K, used 29183K [0x00000000e0000000, 0x00000000f0d80000, 0x0000000100000000)
  eden space 216576K, 0% used [0x00000000e0000000,0x00000000e0000000,0x00000000ed380000)
  from space 29184K, 99% used [0x00000000ed380000,0x00000000eefffc48,0x00000000ef000000)
  to   space 25088K, 0% used [0x00000000ef000000,0x00000000ef000000,0x00000000f0880000)
 ParOldGen       total 91648K, used 55946K [0x00000000a0000000, 0x00000000a5980000, 0x00000000e0000000)
  object space 91648K, 61% used [0x00000000a0000000,0x00000000a36a2948,0x00000000a5980000)
 Metaspace       used 64027K, capacity 66040K, committed 66096K, reserved 1105920K
  class space    used 8310K, capacity 8745K, committed 8752K, reserved 1048576K
GC Heap History (10 events):
Event: 11.296 GC heap after
Heap after GC invocations=15 (full 2):
 PSYoungGen      total 142336K, used 18916K [0x00000000e0000000, 0x00000000ec400000, 0x0000000100000000)
  eden space 123392K, 0% used [0x00000000e0000000,0x00000000e0000000,0x00000000e7880000)
  from space 18944K, 99% used [0x00000000e7880000,0x00000000e8af9268,0x00000000e8b00000)
  to   space 22528K, 0% used [0x00000000eae00000,0x00000000eae00000,0x00000000ec400000)
 ParOldGen       total 59392K, used 28395K [0x00000000a0000000, 0x00000000a3a00000, 0x00000000e0000000)
  object space 59392K, 47% used [0x00000000a0000000,0x00000000a1bbaf38,0x00000000a3a00000)
 Metaspace       used 57318K, capacity 58974K, committed 59160K, reserved 1099776K
  class space    used 7691K, capacity 8038K, committed 8112K, reserved 1048576K
}
Event: 11.296 GC heap before
{Heap before GC invocations=16 (full 3):
 PSYoungGen      total 142336K, used 18916K [0x00000000e0000000, 0x00000000ec400000, 0x0000000100000000)
  eden space 123392K, 0% used [0x00000000e0000000,0x00000000e0000000,0x00000000e7880000)
  from space 18944K, 99% used [0x00000000e7880000,0x00000000e8af9268,0x00000000e8b00000)
  to   space 22528K, 0% used [0x00000000eae00000,0x00000000eae00000,0x00000000ec400000)
 ParOldGen       total 59392K, used 28395K [0x00000000a0000000, 0x00000000a3a00000, 0x00000000e0000000)
  object space 59392K, 47% used [0x00000000a0000000,0x00000000a1bbaf38,0x00000000a3a00000)
 Metaspace       used 57318K, capacity 58974K, committed 59160K, reserved 1099776K
  class space    used 7691K, capacity 8038K, committed 8112K, reserved 1048576K
Event: 11.474 GC heap after
Heap after GC invocations=16 (full 3):
 PSYoungGen      total 142336K, used 0K [0x00000000e0000000, 0x00000000ec400000, 0x0000000100000000)
  eden space 123392K, 0% used [0x00000000e0000000,0x00000000e0000000,0x00000000e7880000)
  from space 18944K, 0% used [0x00000000e7880000,0x00000000e7880000,0x00000000e8b00000)
  to   space 22528K, 0% used [0x00000000eae00000,0x00000000eae00000,0x00000000ec400000)
 ParOldGen       total 91648K, used 35776K [0x00000000a0000000, 0x00000000a5980000, 0x00000000e0000000)
  object space 91648K, 39% used [0x00000000a0000000,0x00000000a22f03f8,0x00000000a5980000)
 Metaspace       used 57316K, capacity 58968K, committed 59160K, reserved 1099776K
  class space    used 7691K, capacity 8037K, committed 8112K, reserved 1048576K
}
Event: 12.906 GC heap before
{Heap before GC invocations=17 (full 3):
 PSYoungGen      total 142336K, used 123251K [0x00000000e0000000, 0x00000000ec400000, 0x0000000100000000)
  eden space 123392K, 99% used [0x00000000e0000000,0x00000000e785cce8,0x00000000e7880000)
  from space 18944K, 0% used [0x00000000e7880000,0x00000000e7880000,0x00000000e8b00000)
  to   space 22528K, 0% used [0x00000000eae00000,0x00000000eae00000,0x00000000ec400000)
 ParOldGen       total 91648K, used 35776K [0x00000000a0000000, 0x00000000a5980000, 0x00000000e0000000)
  object space 91648K, 39% used [0x00000000a0000000,0x00000000a22f03f8,0x00000000a5980000)
 Metaspace       used 59951K, capacity 61872K, committed 62128K, reserved 1103872K
  class space    used 7928K, capacity 8343K, committed 8368K, reserved 1048576K
Event: 12.932 GC heap after
Heap after GC invocations=17 (full 3):
 PSYoungGen      total 176128K, used 17306K [0x00000000e0000000, 0x00000000ec500000, 0x0000000100000000)
  eden space 153600K, 0% used [0x00000000e0000000,0x00000000e0000000,0x00000000e9600000)
  from space 22528K, 76% used [0x00000000eae00000,0x00000000ebee6a78,0x00000000ec400000)
  to   space 24064K, 0% used [0x00000000e9600000,0x00000000e9600000,0x00000000ead80000)
 ParOldGen       total 91648K, used 35784K [0x00000000a0000000, 0x00000000a5980000, 0x00000000e0000000)
  object space 91648K, 39% used [0x00000000a0000000,0x00000000a22f23f8,0x00000000a5980000)
 Metaspace       used 59951K, capacity 61872K, committed 62128K, reserved 1103872K
  class space    used 7928K, capacity 8343K, committed 8368K, reserved 1048576K
}
Event: 12.973 GC heap before
{Heap before GC invocations=18 (full 3):
 PSYoungGen      total 176128K, used 170572K [0x00000000e0000000, 0x00000000ec500000, 0x0000000100000000)
  eden space 153600K, 99% used [0x00000000e0000000,0x00000000e95ac7f0,0x00000000e9600000)
  from space 22528K, 76% used [0x00000000eae00000,0x00000000ebee6a78,0x00000000ec400000)
  to   space 24064K, 0% used [0x00000000e9600000,0x00000000e9600000,0x00000000ead80000)
 ParOldGen       total 91648K, used 35784K [0x00000000a0000000, 0x00000000a5980000, 0x00000000e0000000)
  object space 91648K, 39% used [0x00000000a0000000,0x00000000a22f23f8,0x00000000a5980000)
 Metaspace       used 59958K, capacity 61872K, committed 62128K, reserved 1103872K
  class space    used 7928K, capacity 8343K, committed 8368K, reserved 1048576K
Event: 12.989 GC heap after
Heap after GC invocations=18 (full 3):
 PSYoungGen      total 177664K, used 16481K [0x00000000e0000000, 0x00000000f0880000, 0x0000000100000000)
  eden space 153600K, 0% used [0x00000000e0000000,0x00000000e0000000,0x00000000e9600000)
  from space 24064K, 68% used [0x00000000e9600000,0x00000000ea618798,0x00000000ead80000)
  to   space 25088K, 0% used [0x00000000ef000000,0x00000000ef000000,0x00000000f0880000)
 ParOldGen       total 91648K, used 35792K [0x00000000a0000000, 0x00000000a5980000, 0x00000000e0000000)
  object space 91648K, 39% used [0x00000000a0000000,0x00000000a22f43f8,0x00000000a5980000)
 Metaspace       used 59958K, capacity 61872K, committed 62128K, reserved 1103872K
  class space    used 7928K, capacity 8343K, committed 8368K, reserved 1048576K
}
Event: 14.145 GC heap before
{Heap before GC invocations=19 (full 3):
 PSYoungGen      total 177664K, used 170081K [0x00000000e0000000, 0x00000000f0880000, 0x0000000100000000)
  eden space 153600K, 100% used [0x00000000e0000000,0x00000000e9600000,0x00000000e9600000)
  from space 24064K, 68% used [0x00000000e9600000,0x00000000ea618798,0x00000000ead80000)
  to   space 25088K, 0% used [0x00000000ef000000,0x00000000ef000000,0x00000000f0880000)
 ParOldGen       total 91648K, used 35792K [0x00000000a0000000, 0x00000000a5980000, 0x00000000e0000000)
  object space 91648K, 39% used [0x00000000a0000000,0x00000000a22f43f8,0x00000000a5980000)
 Metaspace       used 63371K, capacity 65366K, committed 65584K, reserved 1105920K
  class space    used 8287K, capacity 8712K, committed 8752K, reserved 1048576K
Event: 14.189 GC heap after
Heap after GC invocations=19 (full 3):
 PSYoungGen      total 241664K, used 25061K [0x00000000e0000000, 0x00000000f0d80000, 0x0000000100000000)
  eden space 216576K, 0% used [0x00000000e0000000,0x00000000e0000000,0x00000000ed380000)
  from space 25088K, 99% used [0x00000000ef000000,0x00000000f0879670,0x00000000f0880000)
  to   space 29184K, 0% used [0x00000000ed380000,0x00000000ed380000,0x00000000ef000000)
 ParOldGen       total 91648K, used 36082K [0x00000000a0000000, 0x00000000a5980000, 0x00000000e0000000)
  object space 91648K, 39% used [0x00000000a0000000,0x00000000a233caf8,0x00000000a5980000)
 Metaspace       used 63371K, capacity 65366K, committed 65584K, reserved 1105920K
  class space    used 8287K, capacity 8712K, committed 8752K, reserved 1048576K
}
Event: 15.674 GC heap before
{Heap before GC invocations=20 (full 3):
 PSYoungGen      total 241664K, used 241637K [0x00000000e0000000, 0x00000000f0d80000, 0x0000000100000000)
  eden space 216576K, 100% used [0x00000000e0000000,0x00000000ed380000,0x00000000ed380000)
  from space 25088K, 99% used [0x00000000ef000000,0x00000000f0879670,0x00000000f0880000)
  to   space 29184K, 0% used [0x00000000ed380000,0x00000000ed380000,0x00000000ef000000)
 ParOldGen       total 91648K, used 36082K [0x00000000a0000000, 0x00000000a5980000, 0x00000000e0000000)
  object space 91648K, 39% used [0x00000000a0000000,0x00000000a233caf8,0x00000000a5980000)
 Metaspace       used 64027K, capacity 66040K, committed 66096K, reserved 1105920K
  class space    used 8310K, capacity 8745K, committed 8752K, reserved 1048576K

